<?xml version="1.0" encoding="UTF-8"?>
<!-- Generated by org.testng.reporters.JUnitReportReporter -->
<testsuite hostname="DAYWRKW7316" name="Maven.Maven.Nnn" tests="1" failures="0" timestamp="27 Nov 2017 06:00:50 GMT" time="16.597" errors="0">
  <testcase name="browser" time="16.597" classname="Maven.Maven.Nnn"/>
</testsuite> <!-- Maven.Maven.Nnn -->
