<?xml version="1.0" encoding="UTF-8"?>
<!-- Generated by org.testng.reporters.JUnitReportReporter -->
<testsuite hostname="DAYWRKW7316" name="Maven.Maven.Nnn" tests="1" failures="0" timestamp="28 Nov 2017 12:03:16 GMT" time="9.008" errors="0">
  <testcase name="browser" time="9.008" classname="Maven.Maven.Nnn"/>
</testsuite> <!-- Maven.Maven.Nnn -->
